\BOOKMARK [0][-]{section*.2}{\376\377\000A\000b\000s\000t\000r\000a\000c\000t}{}% 1
\BOOKMARK [0][-]{chapter.6}{\376\377\000I\000n\000t\000r\000o\000d\000u\000c\000t\000i\000o\000n}{}% 2
\BOOKMARK [1][-]{section.7}{\376\377\000T\000h\000e\000s\000i\000s\000\040\000O\000u\000t\000l\000i\000n\000e}{chapter.6}% 3
\BOOKMARK [1][-]{section.8}{\376\377\000P\000r\000o\000b\000l\000e\000m\000\040\000F\000o\000r\000m\000u\000l\000a\000t\000i\000o\000n}{chapter.6}% 4
\BOOKMARK [1][-]{section.9}{\376\377\000H\000y\000p\000o\000t\000h\000e\000s\000e\000s}{chapter.6}% 5
\BOOKMARK [1][-]{section.10}{\376\377\000M\000a\000s\000t\000e\000r\000\040\000T\000h\000e\000s\000i\000s\000\040\000O\000b\000j\000e\000c\000t\000i\000v\000e\000s}{chapter.6}% 6
\BOOKMARK [1][-]{section.11}{\376\377\000R\000e\000l\000a\000t\000i\000o\000n\000\040\000t\000o\000\040\000t\000h\000e\000\040\000S\000t\000a\000t\000e\000\040\000o\000f\000\040\000t\000h\000e\000\040\000A\000r\000t}{chapter.6}% 7
\BOOKMARK [0][-]{chapter.12}{\376\377\000S\000t\000a\000t\000e\000\040\000o\000f\000\040\000t\000h\000e\000\040\000A\000r\000t}{}% 8
\BOOKMARK [1][-]{section.13}{\376\377\000I\000n\000t\000r\000o\000d\000u\000c\000t\000i\000o\000n\000\040\000t\000o\000\040\000N\000e\000u\000r\000a\000l\000\040\000N\000e\000t\000w\000o\000r\000k\000s}{chapter.12}% 9
\BOOKMARK [1][-]{section.14}{\376\377\000P\000r\000u\000n\000i\000n\000g\000\040\000A\000l\000g\000o\000r\000i\000t\000h\000m\000s}{chapter.12}% 10
\BOOKMARK [1][-]{section.15}{\376\377\000T\000e\000r\000r\000a\000i\000n\000\040\000C\000l\000a\000s\000s\000i\000f\000i\000c\000a\000t\000i\000o\000n\000\040\000f\000o\000r\000\040\000L\000e\000g\000g\000e\000d\000\040\000R\000o\000b\000o\000t\000s}{chapter.12}% 11
\BOOKMARK [0][-]{chapter.16}{\376\377\000C\000l\000a\000s\000s\000i\000f\000i\000c\000a\000t\000i\000o\000n\000\040\000M\000e\000t\000h\000o\000d}{}% 12
\BOOKMARK [1][-]{section.19}{\376\377\000N\000e\000t\000w\000o\000r\000k\000\040\000S\000t\000r\000u\000c\000t\000u\000r\000e}{chapter.16}% 13
\BOOKMARK [1][-]{section.23}{\376\377\000N\000e\000u\000r\000o\000n\000\040\000P\000r\000i\000n\000c\000i\000p\000l\000e}{chapter.16}% 14
\BOOKMARK [1][-]{section.28}{\376\377\000L\000e\000a\000r\000n\000i\000n\000g\000\040\000A\000l\000g\000o\000r\000i\000t\000h\000m\000\040\000f\000o\000r\000\040\000N\000e\000t\000w\000o\000r\000k\000\040\000T\000r\000a\000i\000n\000i\000n\000g}{chapter.16}% 15
\BOOKMARK [2][-]{subsection.30}{\376\377\000U\000s\000i\000n\000g\000\040\000M\000i\000n\000i\000-\000b\000a\000t\000c\000h\000e\000s}{section.28}% 16
\BOOKMARK [2][-]{subsection.31}{\376\377\000M\000a\000t\000r\000i\000x\000\040\000N\000o\000t\000a\000t\000i\000o\000n\000s}{section.28}% 17
\BOOKMARK [2][-]{subsection.32}{\376\377\000F\000o\000r\000w\000a\000r\000d\000\040\000P\000r\000o\000p\000a\000g\000a\000t\000i\000o\000n}{section.28}% 18
\BOOKMARK [2][-]{subsection.37}{\376\377\000E\000r\000r\000o\000r\000\040\000C\000a\000l\000c\000u\000l\000a\000t\000i\000o\000n}{section.28}% 19
\BOOKMARK [2][-]{subsection.39}{\376\377\000P\000a\000r\000a\000m\000e\000t\000e\000r\000\040\000U\000p\000d\000a\000t\000e}{section.28}% 20
\BOOKMARK [1][-]{section.47}{\376\377\000N\000e\000t\000w\000o\000r\000k\000\040\000P\000r\000u\000n\000i\000n\000g\000\040\000A\000l\000g\000o\000r\000i\000t\000h\000m}{chapter.16}% 21
\BOOKMARK [2][-]{subsection.48}{\376\377\000P\000r\000u\000n\000i\000n\000g\000\040\000M\000e\000t\000h\000o\000d}{section.47}% 22
\BOOKMARK [2][-]{subsection.53}{\376\377\000A\000l\000g\000o\000r\000i\000t\000h\000m\000\040\000R\000e\000a\000l\000i\000z\000a\000t\000i\000o\000n}{section.47}% 23
\BOOKMARK [2][-]{subsection.61}{\376\377\000D\000a\000t\000a\000s\000e\000t\000s\000\040\000f\000o\000r\000\040\000E\000v\000a\000l\000u\000a\000t\000i\000o\000n\000\040\000o\000f\000\040\000t\000h\000e\000\040\000P\000r\000u\000n\000i\000n\000g\000\040\000A\000l\000g\000o\000r\000i\000t\000h\000m}{section.47}% 24
\BOOKMARK [2][-]{subsection.68}{\376\377\000U\000s\000i\000n\000g\000\040\000N\000e\000t\000w\000o\000r\000k\000\040\000P\000r\000u\000n\000i\000n\000g\000\040\000f\000o\000r\000\040\000F\000e\000a\000t\000u\000r\000e\000\040\000S\000e\000l\000e\000c\000t\000i\000o\000n}{section.47}% 25
\BOOKMARK [1][-]{section.70}{\376\377\000G\000r\000a\000p\000h\000i\000c\000a\000l\000\040\000U\000s\000e\000r\000\040\000I\000n\000t\000e\000r\000f\000a\000c\000e}{chapter.16}% 26
\BOOKMARK [0][-]{chapter.78}{\376\377\000T\000e\000r\000r\000a\000i\000n\000\040\000C\000l\000a\000s\000s\000i\000f\000i\000c\000a\000t\000i\000o\000n\000\040\000f\000o\000r\000\040\000H\000e\000x\000a\000p\000o\000d\000\040\000R\000o\000b\000o\000t\000\040\000A\000M\000O\000S\000\040\000I\000I}{}% 27
\BOOKMARK [1][-]{section.79}{\376\377\000O\000v\000e\000r\000a\000l\000l\000\040\000P\000r\000o\000c\000e\000s\000s\000\040\000S\000u\000m\000m\000a\000r\000y}{chapter.78}% 28
\BOOKMARK [1][-]{section.81}{\376\377\000E\000x\000p\000e\000r\000i\000m\000e\000n\000t\000a\000l\000\040\000E\000n\000v\000i\000r\000o\000n\000m\000e\000n\000t\000\040\000S\000p\000e\000c\000i\000f\000i\000c\000a\000t\000i\000o\000n}{chapter.78}% 29
\BOOKMARK [2][-]{subsection.82}{\376\377\000H\000e\000x\000a\000p\000o\000d\000\040\000R\000o\000b\000o\000t\000\040\000A\000M\000O\000S\000\040\000I\000I}{section.81}% 30
\BOOKMARK [2][-]{subsection.86}{\376\377\000A\000M\000O\000S\000\040\000I\000I\000\040\000S\000i\000m\000u\000l\000a\000t\000i\000o\000n}{section.81}% 31
\BOOKMARK [2][-]{subsection.89}{\376\377\000T\000r\000i\000p\000o\000d\000\040\000G\000a\000i\000t\000\040\000C\000o\000n\000t\000r\000o\000l\000l\000e\000r}{section.81}% 32
\BOOKMARK [1][-]{section.98}{\376\377\000G\000e\000n\000e\000r\000a\000t\000i\000o\000n\000\040\000o\000f\000\040\000V\000i\000r\000t\000u\000a\000l\000\040\000T\000e\000r\000r\000a\000i\000n\000s}{chapter.78}% 33
\BOOKMARK [2][-]{subsection.99}{\376\377\000T\000e\000r\000r\000a\000i\000n\000\040\000F\000e\000a\000t\000u\000r\000e\000s}{section.98}% 34
\BOOKMARK [2][-]{subsection.102}{\376\377\000F\000e\000a\000t\000u\000r\000e\000s\000\040\000D\000e\000t\000e\000r\000m\000i\000n\000a\000t\000i\000o\000n\000\040\000f\000o\000r\000\040\000V\000a\000r\000i\000o\000u\000s\000\040\000T\000e\000r\000r\000a\000i\000n\000s}{section.98}% 35
\BOOKMARK [2][-]{subsection.104}{\376\377\000T\000e\000r\000r\000a\000i\000n\000\040\000N\000o\000i\000s\000e}{section.98}% 36
\BOOKMARK [1][-]{section.110}{\376\377\000D\000a\000t\000a\000\040\000A\000c\000q\000u\000i\000s\000i\000t\000i\000o\000n}{chapter.78}% 37
\BOOKMARK [1][-]{section.115}{\376\377\000B\000u\000i\000l\000d\000i\000n\000g\000\040\000a\000\040\000F\000e\000a\000t\000u\000r\000e\000\040\000V\000e\000c\000t\000o\000r}{chapter.78}% 38
\BOOKMARK [2][-]{subsection.117}{\376\377\000F\000e\000a\000t\000u\000r\000e\000\040\000V\000e\000c\000t\000o\000r\000\040\000N\000o\000r\000m\000a\000l\000i\000s\000a\000t\000i\000o\000n}{section.115}% 39
\BOOKMARK [2][-]{subsection.121}{\376\377\000S\000i\000g\000n\000a\000l\000\040\000N\000o\000i\000s\000e}{section.115}% 40
\BOOKMARK [1][-]{section.128}{\376\377\000G\000e\000n\000e\000r\000a\000t\000i\000o\000n\000\040\000o\000f\000\040\000D\000a\000t\000a\000s\000e\000t\000s}{chapter.78}% 41
\BOOKMARK [1][-]{section.132}{\376\377\000T\000r\000a\000i\000n\000i\000n\000g\000\040\000a\000n\000d\000\040\000C\000l\000a\000s\000s\000i\000f\000i\000c\000a\000t\000i\000o\000n}{chapter.78}% 42
\BOOKMARK [2][-]{subsection.134}{\376\377\000O\000t\000h\000e\000r\000\040\000C\000l\000a\000s\000s\000i\000f\000i\000c\000a\000t\000i\000o\000n\000\040\000M\000e\000t\000h\000o\000d\000s\000\040\000f\000o\000r\000\040\000C\000o\000m\000p\000a\000r\000i\000s\000o\000n}{section.132}% 43
\BOOKMARK [2][-]{subsection.135}{\376\377\000E\000v\000a\000l\000u\000a\000t\000i\000o\000n\000\040\000M\000e\000a\000s\000u\000r\000e\000s}{section.132}% 44
\BOOKMARK [0][-]{chapter.137}{\376\377\000E\000x\000p\000e\000r\000i\000m\000e\000n\000t\000a\000l\000\040\000E\000v\000a\000l\000u\000a\000t\000i\000o\000n}{}% 45
\BOOKMARK [1][-]{section.138}{\376\377\000V\000e\000r\000i\000f\000i\000c\000a\000t\000i\000o\000n\000\040\000o\000f\000\040\000t\000h\000e\000\040\000N\000e\000t\000w\000o\000r\000k\000\040\000I\000m\000p\000l\000e\000m\000e\000n\000t\000a\000t\000i\000o\000n}{chapter.137}% 46
\BOOKMARK [1][-]{section.142}{\376\377\000P\000e\000r\000f\000o\000r\000m\000a\000n\000c\000e\000\040\000E\000v\000a\000l\000u\000a\000t\000i\000o\000n\000\040\000o\000f\000\040\000t\000h\000e\000\040\000P\000r\000u\000n\000i\000n\000g\000\040\000A\000l\000g\000o\000r\000i\000t\000h\000m}{chapter.137}% 47
\BOOKMARK [2][-]{subsection.143}{\376\377\000E\000v\000a\000l\000u\000a\000t\000i\000o\000n\000\040\000o\000n\000\040\000X\000O\000R\000\040\000D\000a\000t\000a\000s\000e\000t}{section.142}% 48
\BOOKMARK [2][-]{subsection.149}{\376\377\000E\000v\000a\000l\000u\000a\000t\000i\000o\000n\000\040\000o\000n\000\040\000M\000N\000I\000S\000T\000\040\000D\000a\000t\000a\000s\000e\000t}{section.142}% 49
\BOOKMARK [3][-]{section*.153}{\376\377\000M\000i\000n\000i\000m\000a\000l\000\040\000S\000t\000r\000u\000c\000t\000u\000r\000e\000\040\000i\000n\000\040\000M\000N\000I\000S\000T\000\040\000D\000a\000t\000a\000s\000e\000t}{subsection.149}% 50
\BOOKMARK [2][-]{subsection.156}{\376\377\000C\000o\000m\000p\000a\000r\000i\000s\000o\000n\000\040\000t\000o\000\040\000O\000t\000h\000e\000r\000\040\000P\000r\000u\000n\000i\000n\000g\000\040\000M\000e\000t\000h\000o\000d\000s}{section.142}% 51
\BOOKMARK [1][-]{section.159}{\376\377\000R\000e\000s\000u\000l\000t\000s\000\040\000o\000f\000\040\000T\000e\000r\000r\000a\000i\000n\000\040\000C\000l\000a\000s\000s\000i\000f\000i\000c\000a\000t\000i\000o\000n}{chapter.137}% 52
\BOOKMARK [2][-]{subsection.160}{\376\377\000C\000l\000a\000s\000s\000i\000f\000i\000c\000a\000t\000i\000o\000n\000\040\000P\000e\000r\000f\000o\000r\000m\000a\000n\000c\000e}{section.159}% 53
\BOOKMARK [3][-]{section*.165}{\376\377\000C\000o\000m\000p\000a\000r\000i\000s\000o\000n\000\040\000t\000o\000\040\000O\000t\000h\000e\000r\000\040\000C\000l\000a\000s\000s\000i\000f\000i\000c\000a\000t\000i\000o\000n\000\040\000M\000e\000t\000h\000o\000d\000s}{subsection.160}% 54
\BOOKMARK [2][-]{subsection.167}{\376\377\000S\000e\000l\000e\000c\000t\000i\000o\000n\000\040\000o\000f\000\040\000L\000e\000a\000r\000n\000i\000n\000g\000\040\000P\000a\000r\000a\000m\000e\000t\000e\000r\000s}{section.159}% 55
\BOOKMARK [2][-]{subsection.173}{\376\377\000I\000n\000f\000l\000u\000e\000n\000c\000e\000\040\000o\000f\000\040\000N\000o\000i\000s\000e\000\040\000o\000n\000\040\000C\000l\000a\000s\000s\000i\000f\000i\000c\000a\000t\000i\000o\000n}{section.159}% 56
\BOOKMARK [2][-]{subsection.175}{\376\377\000T\000i\000m\000e\000\040\000N\000e\000e\000d\000e\000d\000\040\000f\000o\000r\000\040\000C\000l\000a\000s\000s\000i\000f\000i\000c\000a\000t\000i\000o\000n}{section.159}% 57
\BOOKMARK [2][-]{subsection.178}{\376\377\000A\000n\000a\000l\000y\000s\000i\000s\000\040\000o\000f\000\040\000U\000s\000e\000d\000\040\000S\000e\000n\000s\000o\000r\000\040\000T\000y\000p\000e\000s}{section.159}% 58
\BOOKMARK [2][-]{subsection.181}{\376\377\000C\000o\000m\000p\000a\000r\000i\000s\000o\000n\000\040\000t\000o\000\040\000S\000O\000A\000\040\000M\000e\000t\000h\000o\000d\000s}{section.159}% 59
\BOOKMARK [1][-]{section.182}{\376\377\000T\000e\000r\000r\000a\000i\000n\000\040\000C\000l\000a\000s\000s\000i\000f\000i\000c\000a\000t\000i\000o\000n\000\040\000U\000s\000i\000n\000g\000\040\000N\000e\000t\000w\000o\000r\000k\000\040\000P\000r\000u\000n\000i\000n\000g}{chapter.137}% 60
\BOOKMARK [2][-]{subsection.193}{\376\377\000F\000e\000a\000t\000u\000r\000e\000\040\000S\000e\000l\000e\000c\000t\000i\000o\000n\000\040\000f\000o\000r\000\040\000T\000e\000r\000r\000a\000i\000n\000\040\000C\000l\000a\000s\000s\000i\000f\000i\000c\000a\000t\000i\000o\000n}{section.182}% 61
\BOOKMARK [0][-]{chapter.201}{\376\377\000D\000i\000s\000c\000u\000s\000s\000i\000o\000n}{}% 62
\BOOKMARK [0][-]{chapter.202}{\376\377\000C\000o\000n\000c\000l\000u\000s\000s\000i\000o\000n\000\040\000a\000n\000d\000\040\000O\000u\000t\000l\000o\000o\000k}{}% 63
\BOOKMARK [0][-]{chapter*.203}{\376\377\000B\000i\000b\000l\000i\000o\000g\000r\000a\000p\000h\000y}{}% 64
\BOOKMARK [0][-]{appendix.204}{\376\377\000M\000e\000t\000h\000o\000d\000\040\000I\000m\000p\000l\000e\000m\000e\000n\000t\000a\000t\000i\000o\000n}{}% 65
\BOOKMARK [1][-]{section.205}{\376\377\000I\000m\000p\000l\000e\000m\000e\000n\000t\000a\000t\000i\000o\000n\000\040\000o\000f\000\040\000t\000h\000e\000\040\000T\000e\000r\000r\000a\000i\000n\000\040\000C\000l\000a\000s\000s\000i\000f\000i\000c\000a\000t\000i\000o\000n}{appendix.204}% 66
\BOOKMARK [1][-]{section.227}{\376\377\000I\000m\000p\000l\000e\000m\000e\000n\000t\000a\000t\000i\000o\000n\000\040\000o\000f\000\040\000t\000h\000e\000\040\000N\000e\000u\000r\000a\000l\000\040\000N\000e\000t\000w\000o\000r\000k}{appendix.204}% 67
\BOOKMARK [0][-]{appendix.242}{\376\377\000A\000p\000p\000\040\000H\000e\000a\000d\000e\000r}{}% 68
\BOOKMARK [1][-]{section.243}{\376\377\000G\000e\000n\000e\000r\000a\000t\000e\000d\000\040\000D\000a\000t\000a\000s\000e\000t\000s}{appendix.242}% 69
\BOOKMARK [1][-]{section.245}{\376\377\000A\000n\000a\000l\000y\000s\000i\000s\000\040\000o\000f\000\040\000T\000e\000r\000r\000a\000i\000n\000\040\000S\000i\000m\000i\000l\000a\000r\000i\000t\000y}{appendix.242}% 70
\BOOKMARK [1][-]{section.248}{\376\377\000C\000o\000m\000p\000l\000e\000t\000e\000\040\000S\000e\000n\000s\000o\000r\000y\000\040\000D\000a\000t\000a}{appendix.242}% 71
\BOOKMARK [1][-]{section.261}{\376\377\000F\000u\000r\000t\000h\000e\000r\000\040\000D\000a\000t\000a\000\040\000A\000n\000a\000l\000y\000s\000i\000s}{appendix.242}% 72
\BOOKMARK [0][-]{appendix.266}{\376\377\000W\000o\000r\000k\000i\000n\000g\000\040\000D\000i\000r\000e\000c\000t\000o\000r\000y\000\040\000S\000t\000r\000u\000c\000t\000u\000r\000e}{}% 73
\BOOKMARK [0][-]{appendix.267}{\376\377\000C\000o\000d\000e\000\040\000D\000o\000c\000u\000m\000e\000n\000t\000a\000t\000i\000o\000n}{}% 74
